<?xml version="1.0" encoding="UTF-8"?>
<testsuite xmlns:xsi="http://www.w3.org/2001/XMLSchema-instance" xsi:noNamespaceSchemaLocation="https://maven.apache.org/surefire/maven-surefire-plugin/xsd/surefire-test-report.xsd" name="org.stu_man_service.ParentAppTest" time="0.103" tests="1" errors="0" skipped="0" failures="0">
  <properties>
    <property name="sun.desktop" value="windows"/>
    <property name="awt.toolkit" value="sun.awt.windows.WToolkit"/>
    <property name="file.encoding.pkg" value="sun.io"/>
    <property name="java.specification.version" value="1.8"/>
    <property name="sun.cpu.isalist" value="amd64"/>
    <property name="sun.jnu.encoding" value="GBK"/>
    <property name="java.class.path" value="E:\develop_workspaces_zhiyuan\stu_man_parent\stu_man_service\target\test-classes;E:\develop_workspaces_zhiyuan\stu_man_parent\stu_man_service\target\classes;E:\develop_tools\apache-maven-3.3.3-bin\local\repo\junit\junit\4.11\junit-4.11.jar;E:\develop_tools\apache-maven-3.3.3-bin\local\repo\org\hamcrest\hamcrest-core\1.3\hamcrest-core-1.3.jar;"/>
    <property name="java.vm.vendor" value="Oracle Corporation"/>
    <property name="sun.arch.data.model" value="64"/>
    <property name="user.variant" value=""/>
    <property name="java.vendor.url" value="http://java.oracle.com/"/>
    <property name="user.timezone" value="Asia/Shanghai"/>
    <property name="java.vm.specification.version" value="1.8"/>
    <property name="os.name" value="Windows 10"/>
    <property name="user.country" value="CN"/>
    <property name="sun.java.launcher" value="SUN_STANDARD"/>
    <property name="sun.boot.library.path" value="E:\jdk1.8.0_121\jre\bin"/>
    <property name="sun.java.command" value="C:\Users\set_free\AppData\Local\Temp\surefire3143615564056922425\surefirebooter1515673627604370834.jar C:\Users\set_free\AppData\Local\Temp\surefire3143615564056922425 2019-12-29T12-19-57_732-jvmRun1 surefire4768146319737245971tmp surefire_08785318438554707648tmp"/>
    <property name="surefire.test.class.path" value="E:\develop_workspaces_zhiyuan\stu_man_parent\stu_man_service\target\test-classes;E:\develop_workspaces_zhiyuan\stu_man_parent\stu_man_service\target\classes;E:\develop_tools\apache-maven-3.3.3-bin\local\repo\junit\junit\4.11\junit-4.11.jar;E:\develop_tools\apache-maven-3.3.3-bin\local\repo\org\hamcrest\hamcrest-core\1.3\hamcrest-core-1.3.jar;"/>
    <property name="sun.cpu.endian" value="little"/>
    <property name="user.home" value="C:\Users\set_free"/>
    <property name="user.language" value="zh"/>
    <property name="java.specification.vendor" value="Oracle Corporation"/>
    <property name="java.home" value="E:\jdk1.8.0_121\jre"/>
    <property name="basedir" value="E:\develop_workspaces_zhiyuan\stu_man_parent\stu_man_service"/>
    <property name="file.separator" value="\"/>
    <property name="line.separator" value="&#10;"/>
    <property name="java.vm.specification.vendor" value="Oracle Corporation"/>
    <property name="java.specification.name" value="Java Platform API Specification"/>
    <property name="java.awt.graphicsenv" value="sun.awt.Win32GraphicsEnvironment"/>
    <property name="surefire.real.class.path" value="C:\Users\set_free\AppData\Local\Temp\surefire3143615564056922425\surefirebooter1515673627604370834.jar"/>
    <property name="sun.boot.class.path" value="E:\jdk1.8.0_121\jre\lib\resources.jar;E:\jdk1.8.0_121\jre\lib\rt.jar;E:\jdk1.8.0_121\jre\lib\sunrsasign.jar;E:\jdk1.8.0_121\jre\lib\jsse.jar;E:\jdk1.8.0_121\jre\lib\jce.jar;E:\jdk1.8.0_121\jre\lib\charsets.jar;E:\jdk1.8.0_121\jre\lib\jfr.jar;E:\jdk1.8.0_121\jre\classes"/>
    <property name="user.script" value=""/>
    <property name="sun.management.compiler" value="HotSpot 64-Bit Tiered Compilers"/>
    <property name="java.runtime.version" value="1.8.0_121-b13"/>
    <property name="user.name" value="set_free"/>
    <property name="path.separator" value=";"/>
    <property name="os.version" value="10.0"/>
    <property name="java.endorsed.dirs" value="E:\jdk1.8.0_121\jre\lib\endorsed"/>
    <property name="java.runtime.name" value="Java(TM) SE Runtime Environment"/>
    <property name="file.encoding" value="GBK"/>
    <property name="java.vm.name" value="Java HotSpot(TM) 64-Bit Server VM"/>
    <property name="localRepository" value="E:\develop_tools\apache-maven-3.3.3-bin\local\repo"/>
    <property name="java.vendor.url.bug" value="http://bugreport.sun.com/bugreport/"/>
    <property name="java.io.tmpdir" value="C:\Users\set_free\AppData\Local\Temp\"/>
    <property name="java.version" value="1.8.0_121"/>
    <property name="user.dir" value="E:\develop_workspaces_zhiyuan\stu_man_parent\stu_man_service"/>
    <property name="os.arch" value="amd64"/>
    <property name="java.vm.specification.name" value="Java Virtual Machine Specification"/>
    <property name="java.awt.printerjob" value="sun.awt.windows.WPrinterJob"/>
    <property name="sun.os.patch.level" value=""/>
    <property name="java.library.path" value="E:\jdk1.8.0_121\jre\bin;C:\WINDOWS\Sun\Java\bin;C:\WINDOWS\system32;C:\WINDOWS;E:/jdk1.8.0_121/bin/../jre/bin/server;E:/jdk1.8.0_121/bin/../jre/bin;E:/jdk1.8.0_121/bin/../jre/lib/amd64;E:\360Downloads\360\360DeskTop;f:\myoracle12c\set_free\product\12.2.0\dbhome_1\bin;E:\develop_tools\Xshell6\;e:\中国电子口岸客户端控件\libs\txrn;e:\中国电子口岸客户端控件\libs\MOFCOM;e:\中国电子口岸客户端控件\libs\cus;e:\中国电子口岸客户端控件\libs\pdfes;e:\中国电子口岸客户端控件\libs\pdf;e:\中国电子口岸客户端控件\libs\others;e:\中国电子口岸客户端控件\libs;e:\中国电子口岸客户端控件\;C:\Program Files (x86)\Common Files\NetSarang;C:\Windows\system32;C:\Windows;C:\Windows\System32\Wbem;C:\Windows\System32\WindowsPowerShell\v1.0\;C:\Program Files (x86)\NVIDIA Corporation\PhysX\Common;E:\jdk1.8.0_121\bin;E:\jdk1.8.0_121\jre\bin;C:\WINDOWS\system32;C:\WINDOWS;C:\WINDOWS\System32\Wbem;C:\WINDOWS\System32\WindowsPowerShell\v1.0\;E:\usr\hadoop-2.6.5\bin;E:\usr\hadoop-2.6.5\sbin;E:\develop_tools\Python27\;E:\develop_tools\scala-2.11.8\bin;C:\spark-2.4.3-bin-hadoop2.7\bin;C:\Program Files\Intel\WiFi\bin\;C:\Program Files\Common Files\Intel\WirelessCommon\;E:\develop_tools\apache-maven-3.5.4-bin\apache-maven-3.5.4\bin;C:\WINDOWS\System32\OpenSSH\;E:\develop_tools\gradle-4.10.1-bin\gradle-4.10.1\\bin;C:\Users\set_free\AppData\Local\Google\Chrome\Application;C:\Program Files\NVIDIA Corporation\NVIDIA NvDLISR;E:\develop_tools\UltraEdit25.10;C:\Program Files\TortoiseSVN\bin;C:\Program Files (x86)\Common Files\Thunder Network\KanKan\Codecs;D:\Program Files\nodejs\;C:\Users\set_free\AppData\Local\Microsoft\WindowsApps;C:\Program Files\Intel\WiFi\bin\;C:\Program Files\Common Files\Intel\WirelessCommon\;C:\Users\set_free\AppData\Roaming\npm;E:\develop_tools\eclipse-jee-luna-SR2-win32-x86_64;;."/>
    <property name="java.vm.info" value="mixed mode"/>
    <property name="java.vendor" value="Oracle Corporation"/>
    <property name="java.vm.version" value="25.121-b13"/>
    <property name="java.ext.dirs" value="E:\jdk1.8.0_121\jre\lib\ext;C:\WINDOWS\Sun\Java\lib\ext"/>
    <property name="sun.io.unicode.encoding" value="UnicodeLittle"/>
    <property name="java.class.version" value="52.0"/>
  </properties>
  <testcase name="shouldAnswerWithTrue" classname="org.stu_man_service.ParentAppTest" time="0.004"/>
</testsuite>